Reading netlist file: "/Users/sunoumanu/src/mouseemul/impl/gwsynthesis/MouseEmul2.vg"
Parsing netlist file "/Users/sunoumanu/src/mouseemul/impl/gwsynthesis/MouseEmul2.vg" completed
Processing netlist completed
Reading constraint file: "/Users/sunoumanu/src/mouseemul/constraints/tangnano20k.cst"
Physical Constraint parsed completed
Running placement......
[10%] Placement Phase 0 completed
[20%] Placement Phase 1 completed
[30%] Placement Phase 2 completed
[50%] Placement Phase 3 completed
Running routing......
[60%] Routing Phase 0 completed
[70%] Routing Phase 1 completed
[80%] Routing Phase 2 completed
WARN  (PR1014) : Generic routing resource will be used to clock signal 'clk_d' by the specified constraint. And then it may lead to the excessive delay or skew
[90%] Routing Phase 3 completed
Running timing analysis......
[95%] Timing analysis completed
Placement and routing completed
Bitstream generation in progress......
Bitstream generation completed
Running power analysis......
[100%] Power analysis completed
Generate file "/Users/sunoumanu/src/mouseemul/impl/pnr/MouseEmul2.power.html" completed
Generate file "/Users/sunoumanu/src/mouseemul/impl/pnr/MouseEmul2.pin.html" completed
Generate file "/Users/sunoumanu/src/mouseemul/impl/pnr/MouseEmul2.rpt.html" completed
Generate file "/Users/sunoumanu/src/mouseemul/impl/pnr/MouseEmul2.rpt.txt" completed
Generate file "/Users/sunoumanu/src/mouseemul/impl/pnr/MouseEmul2.tr.html" completed
Sat Nov 22 21:30:21 2025

