GowinSynthesis start
Running parser ...
Analyzing Verilog file '/Users/sunoumanu/src/mouseemul/rtl/clock_reset.sv'
Analyzing Verilog file '/Users/sunoumanu/src/mouseemul/rtl/hid_report_manager.sv'
Analyzing Verilog file '/Users/sunoumanu/src/mouseemul/rtl/pattern_generator.sv'
Analyzing Verilog file '/Users/sunoumanu/src/mouseemul/rtl/usb_descriptors.sv'
Analyzing Verilog file '/Users/sunoumanu/src/mouseemul/rtl/usb_device_core.sv'
Analyzing Verilog file '/Users/sunoumanu/src/mouseemul/rtl/usb_mouse_top.sv'
Analyzing Verilog file '/Users/sunoumanu/src/mouseemul/rtl/usb_packet.sv'
Compiling module 'usb_mouse_top'("/Users/sunoumanu/src/mouseemul/rtl/usb_mouse_top.sv":1)
Compiling module 'clock_reset'("/Users/sunoumanu/src/mouseemul/rtl/clock_reset.sv":1)
Compiling module 'pattern_generator'("/Users/sunoumanu/src/mouseemul/rtl/pattern_generator.sv":1)
Extracting RAM for identifier 'sin_lut'("/Users/sunoumanu/src/mouseemul/rtl/pattern_generator.sv":50)
Compiling module 'hid_report_manager'("/Users/sunoumanu/src/mouseemul/rtl/hid_report_manager.sv":1)
Compiling module 'usb_device_core'("/Users/sunoumanu/src/mouseemul/rtl/usb_device_core.sv":1)
Compiling module 'usb_packet'("/Users/sunoumanu/src/mouseemul/rtl/usb_packet.sv":1)
Compiling module 'usb_descriptors'("/Users/sunoumanu/src/mouseemul/rtl/usb_descriptors.sv":1)
Extracting RAM for identifier 'device_desc'("/Users/sunoumanu/src/mouseemul/rtl/usb_descriptors.sv":16)
Extracting RAM for identifier 'config_desc'("/Users/sunoumanu/src/mouseemul/rtl/usb_descriptors.sv":41)
Extracting RAM for identifier 'report_desc'("/Users/sunoumanu/src/mouseemul/rtl/usb_descriptors.sv":89)
Extracting RAM for identifier 'report_desc_real'("/Users/sunoumanu/src/mouseemul/rtl/usb_descriptors.sv":136)
Extracting RAM for identifier 'str0_desc'("/Users/sunoumanu/src/mouseemul/rtl/usb_descriptors.sv":170)
Extracting RAM for identifier 'str1_desc'("/Users/sunoumanu/src/mouseemul/rtl/usb_descriptors.sv":174)
Extracting RAM for identifier 'str2_desc'("/Users/sunoumanu/src/mouseemul/rtl/usb_descriptors.sv":181)
NOTE  (EX0101) : Current top module is "usb_mouse_top"
[5%] Running netlist conversion ...
Running device independent optimization ...
[10%] Optimizing Phase 0 completed
[15%] Optimizing Phase 1 completed
[25%] Optimizing Phase 2 completed
Running inference ...
[30%] Inferring Phase 0 completed
[40%] Inferring Phase 1 completed
[50%] Inferring Phase 2 completed
[55%] Inferring Phase 3 completed
Running technical mapping ...
[60%] Tech-Mapping Phase 0 completed
[65%] Tech-Mapping Phase 1 completed
[75%] Tech-Mapping Phase 2 completed
[80%] Tech-Mapping Phase 3 completed
[90%] Tech-Mapping Phase 4 completed
[95%] Generate netlist file "/Users/sunoumanu/src/mouseemul/impl/gwsynthesis/MouseEmul2.vg" completed
[100%] Generate report file "/Users/sunoumanu/src/mouseemul/impl/gwsynthesis/MouseEmul2_syn.rpt.html" completed
GowinSynthesis finish
